mode: set
git.xenonstack.com/util/continuous-security-backend/src/web/result.go:16.62,21.21 4 0
git.xenonstack.com/util/continuous-security-backend/src/web/result.go:183.2,183.15 1 0
git.xenonstack.com/util/continuous-security-backend/src/web/result.go:21.21,44.35 13 0
git.xenonstack.com/util/continuous-security-backend/src/web/result.go:63.3,63.34 1 0
git.xenonstack.com/util/continuous-security-backend/src/web/result.go:81.3,81.37 1 0
git.xenonstack.com/util/continuous-security-backend/src/web/result.go:99.3,99.37 1 0
git.xenonstack.com/util/continuous-security-backend/src/web/result.go:119.3,128.37 9 0
git.xenonstack.com/util/continuous-security-backend/src/web/result.go:131.3,131.37 1 0
git.xenonstack.com/util/continuous-security-backend/src/web/result.go:134.3,134.33 1 0
git.xenonstack.com/util/continuous-security-backend/src/web/result.go:137.3,137.31 1 0
git.xenonstack.com/util/continuous-security-backend/src/web/result.go:142.3,142.119 1 0
git.xenonstack.com/util/continuous-security-backend/src/web/result.go:178.3,178.55 1 0
git.xenonstack.com/util/continuous-security-backend/src/web/result.go:44.35,46.60 2 0
git.xenonstack.com/util/continuous-security-backend/src/web/result.go:51.4,51.62 1 0
git.xenonstack.com/util/continuous-security-backend/src/web/result.go:56.4,56.59 1 0
git.xenonstack.com/util/continuous-security-backend/src/web/result.go:46.60,49.13 3 0
git.xenonstack.com/util/continuous-security-backend/src/web/result.go:51.62,54.13 3 0
git.xenonstack.com/util/continuous-security-backend/src/web/result.go:56.59,59.13 3 0
git.xenonstack.com/util/continuous-security-backend/src/web/result.go:63.34,65.59 2 0
git.xenonstack.com/util/continuous-security-backend/src/web/result.go:70.4,70.61 1 0
git.xenonstack.com/util/continuous-security-backend/src/web/result.go:75.4,75.58 1 0
git.xenonstack.com/util/continuous-security-backend/src/web/result.go:65.59,68.13 3 0
git.xenonstack.com/util/continuous-security-backend/src/web/result.go:70.61,73.13 3 0
git.xenonstack.com/util/continuous-security-backend/src/web/result.go:75.58,78.13 3 0
git.xenonstack.com/util/continuous-security-backend/src/web/result.go:81.37,83.62 2 0
git.xenonstack.com/util/continuous-security-backend/src/web/result.go:88.4,88.64 1 0
git.xenonstack.com/util/continuous-security-backend/src/web/result.go:93.4,93.61 1 0
git.xenonstack.com/util/continuous-security-backend/src/web/result.go:83.62,86.13 3 0
git.xenonstack.com/util/continuous-security-backend/src/web/result.go:88.64,91.13 3 0
git.xenonstack.com/util/continuous-security-backend/src/web/result.go:93.61,96.13 3 0
git.xenonstack.com/util/continuous-security-backend/src/web/result.go:99.37,102.62 2 0
git.xenonstack.com/util/continuous-security-backend/src/web/result.go:107.4,107.64 1 0
git.xenonstack.com/util/continuous-security-backend/src/web/result.go:112.4,112.61 1 0
git.xenonstack.com/util/continuous-security-backend/src/web/result.go:102.62,105.13 3 0
git.xenonstack.com/util/continuous-security-backend/src/web/result.go:107.64,110.13 3 0
git.xenonstack.com/util/continuous-security-backend/src/web/result.go:112.61,115.13 3 0
git.xenonstack.com/util/continuous-security-backend/src/web/result.go:128.37,130.4 1 0
git.xenonstack.com/util/continuous-security-backend/src/web/result.go:131.37,133.4 1 0
git.xenonstack.com/util/continuous-security-backend/src/web/result.go:134.33,136.4 1 0
git.xenonstack.com/util/continuous-security-backend/src/web/result.go:137.31,139.4 1 0
git.xenonstack.com/util/continuous-security-backend/src/web/result.go:142.119,160.4 1 0
git.xenonstack.com/util/continuous-security-backend/src/web/result.go:160.9,177.4 1 0
git.xenonstack.com/util/continuous-security-backend/src/web/result.go:178.55,181.4 2 0
git.xenonstack.com/util/continuous-security-backend/src/web/result.go:203.59,209.21 4 0
git.xenonstack.com/util/continuous-security-backend/src/web/result.go:279.2,279.15 1 0
git.xenonstack.com/util/continuous-security-backend/src/web/result.go:209.21,222.40 12 0
git.xenonstack.com/util/continuous-security-backend/src/web/result.go:263.3,274.14 2 0
git.xenonstack.com/util/continuous-security-backend/src/web/result.go:222.40,226.18 3 0
git.xenonstack.com/util/continuous-security-backend/src/web/result.go:230.4,235.18 4 0
git.xenonstack.com/util/continuous-security-backend/src/web/result.go:240.4,240.56 1 0
git.xenonstack.com/util/continuous-security-backend/src/web/result.go:253.4,257.29 2 0
git.xenonstack.com/util/continuous-security-backend/src/web/result.go:226.18,228.13 2 0
git.xenonstack.com/util/continuous-security-backend/src/web/result.go:235.18,237.13 2 0
git.xenonstack.com/util/continuous-security-backend/src/web/result.go:240.56,241.60 1 0
git.xenonstack.com/util/continuous-security-backend/src/web/result.go:241.60,243.6 1 0
git.xenonstack.com/util/continuous-security-backend/src/web/result.go:243.11,243.63 1 0
git.xenonstack.com/util/continuous-security-backend/src/web/result.go:243.63,245.6 1 0
git.xenonstack.com/util/continuous-security-backend/src/web/result.go:245.11,245.65 1 0
git.xenonstack.com/util/continuous-security-backend/src/web/result.go:245.65,247.6 1 0
git.xenonstack.com/util/continuous-security-backend/src/web/result.go:247.11,247.62 1 0
git.xenonstack.com/util/continuous-security-backend/src/web/result.go:247.62,249.6 1 0
git.xenonstack.com/util/continuous-security-backend/src/web/result.go:249.11,251.6 1 0
git.xenonstack.com/util/continuous-security-backend/src/web/result.go:257.29,259.5 1 0
git.xenonstack.com/util/continuous-security-backend/src/web/result.go:259.10,261.5 1 0
git.xenonstack.com/util/continuous-security-backend/src/web/result.go:274.14,277.4 2 0
git.xenonstack.com/util/continuous-security-backend/src/web/result.go:284.32,289.31 5 0
git.xenonstack.com/util/continuous-security-backend/src/web/result.go:296.2,300.4 1 0
git.xenonstack.com/util/continuous-security-backend/src/web/result.go:289.31,295.3 2 0
git.xenonstack.com/util/continuous-security-backend/src/web/scan.go:26.69,32.16 3 0
git.xenonstack.com/util/continuous-security-backend/src/web/scan.go:37.2,39.16 3 0
git.xenonstack.com/util/continuous-security-backend/src/web/scan.go:45.2,47.31 3 0
git.xenonstack.com/util/continuous-security-backend/src/web/scan.go:57.2,57.13 1 0
git.xenonstack.com/util/continuous-security-backend/src/web/scan.go:64.2,64.26 1 0
git.xenonstack.com/util/continuous-security-backend/src/web/scan.go:68.2,87.15 16 0
git.xenonstack.com/util/continuous-security-backend/src/web/scan.go:92.2,94.16 3 0
git.xenonstack.com/util/continuous-security-backend/src/web/scan.go:99.2,100.16 2 0
git.xenonstack.com/util/continuous-security-backend/src/web/scan.go:165.2,169.18 5 0
git.xenonstack.com/util/continuous-security-backend/src/web/scan.go:32.16,34.3 1 0
git.xenonstack.com/util/continuous-security-backend/src/web/scan.go:39.16,43.3 3 0
git.xenonstack.com/util/continuous-security-backend/src/web/scan.go:47.31,49.17 2 0
git.xenonstack.com/util/continuous-security-backend/src/web/scan.go:52.3,52.14 1 0
git.xenonstack.com/util/continuous-security-backend/src/web/scan.go:49.17,50.12 1 0
git.xenonstack.com/util/continuous-security-backend/src/web/scan.go:52.14,54.4 1 0
git.xenonstack.com/util/continuous-security-backend/src/web/scan.go:57.13,61.3 3 0
git.xenonstack.com/util/continuous-security-backend/src/web/scan.go:64.26,66.3 1 0
git.xenonstack.com/util/continuous-security-backend/src/web/scan.go:87.15,89.3 1 0
git.xenonstack.com/util/continuous-security-backend/src/web/scan.go:94.16,96.3 1 0
git.xenonstack.com/util/continuous-security-backend/src/web/scan.go:100.16,105.3 3 0
git.xenonstack.com/util/continuous-security-backend/src/web/scan.go:108.2,110.23 2 0
git.xenonstack.com/util/continuous-security-backend/src/web/scan.go:149.3,161.90 10 0
git.xenonstack.com/util/continuous-security-backend/src/web/scan.go:110.23,129.4 16 0
git.xenonstack.com/util/continuous-security-backend/src/web/scan.go:129.9,148.4 16 0
git.xenonstack.com/util/continuous-security-backend/src/web/scan.go:174.88,179.23 4 0
git.xenonstack.com/util/continuous-security-backend/src/web/scan.go:183.2,193.18 4 0
git.xenonstack.com/util/continuous-security-backend/src/web/scan.go:217.2,219.18 2 0
git.xenonstack.com/util/continuous-security-backend/src/web/scan.go:179.23,181.3 1 0
git.xenonstack.com/util/continuous-security-backend/src/web/scan.go:194.20,197.21 3 0
git.xenonstack.com/util/continuous-security-backend/src/web/scan.go:198.16,201.23 3 0
git.xenonstack.com/util/continuous-security-backend/src/web/scan.go:202.14,205.21 3 0
git.xenonstack.com/util/continuous-security-backend/src/web/scan.go:206.16,209.23 3 0
git.xenonstack.com/util/continuous-security-backend/src/web/scan.go:210.14,213.21 3 0
git.xenonstack.com/util/continuous-security-backend/src/web/scan.go:223.26,227.2 3 0
git.xenonstack.com/util/continuous-security-backend/src/web/workspaces.go:15.61,24.16 5 0
git.xenonstack.com/util/continuous-security-backend/src/web/workspaces.go:28.2,31.16 3 0
git.xenonstack.com/util/continuous-security-backend/src/web/workspaces.go:35.2,38.16 3 0
git.xenonstack.com/util/continuous-security-backend/src/web/workspaces.go:43.2,45.16 3 0
git.xenonstack.com/util/continuous-security-backend/src/web/workspaces.go:49.2,50.9 2 0
git.xenonstack.com/util/continuous-security-backend/src/web/workspaces.go:55.2,55.12 1 0
git.xenonstack.com/util/continuous-security-backend/src/web/workspaces.go:24.16,27.3 2 0
git.xenonstack.com/util/continuous-security-backend/src/web/workspaces.go:31.16,34.3 2 0
git.xenonstack.com/util/continuous-security-backend/src/web/workspaces.go:38.16,41.3 2 0
git.xenonstack.com/util/continuous-security-backend/src/web/workspaces.go:45.16,48.3 2 0
git.xenonstack.com/util/continuous-security-backend/src/web/workspaces.go:50.9,53.3 2 0
git.xenonstack.com/util/continuous-security-backend/src/web/check.go:11.53,14.16 3 0
git.xenonstack.com/util/continuous-security-backend/src/web/check.go:27.2,28.32 2 0
git.xenonstack.com/util/continuous-security-backend/src/web/check.go:14.16,20.3 5 0
git.xenonstack.com/util/continuous-security-backend/src/web/check.go:20.8,26.3 5 0
git.xenonstack.com/util/continuous-security-backend/src/web/check.go:31.64,41.2 3 0
git.xenonstack.com/util/continuous-security-backend/src/web/check.go:43.67,54.2 3 0
git.xenonstack.com/util/continuous-security-backend/src/web/integrations.go:13.80,18.16 3 0
git.xenonstack.com/util/continuous-security-backend/src/web/integrations.go:25.2,29.16 4 0
git.xenonstack.com/util/continuous-security-backend/src/web/integrations.go:35.2,43.33 3 0
git.xenonstack.com/util/continuous-security-backend/src/web/integrations.go:72.2,80.18 9 0
git.xenonstack.com/util/continuous-security-backend/src/web/integrations.go:18.16,23.3 3 0
git.xenonstack.com/util/continuous-security-backend/src/web/integrations.go:29.16,33.3 3 0
git.xenonstack.com/util/continuous-security-backend/src/web/integrations.go:43.33,44.29 1 0
git.xenonstack.com/util/continuous-security-backend/src/web/integrations.go:44.29,51.18 6 0
git.xenonstack.com/util/continuous-security-backend/src/web/integrations.go:55.4,55.39 1 0
git.xenonstack.com/util/continuous-security-backend/src/web/integrations.go:51.18,53.13 2 0
git.xenonstack.com/util/continuous-security-backend/src/web/integrations.go:57.9,63.18 6 0
git.xenonstack.com/util/continuous-security-backend/src/web/integrations.go:67.4,67.39 1 0
git.xenonstack.com/util/continuous-security-backend/src/web/integrations.go:63.18,65.13 2 0
git.xenonstack.com/util/continuous-security-backend/src/web/integrations.go:84.88,88.16 3 0
git.xenonstack.com/util/continuous-security-backend/src/web/integrations.go:95.2,99.16 4 0
git.xenonstack.com/util/continuous-security-backend/src/web/integrations.go:106.2,106.25 1 0
git.xenonstack.com/util/continuous-security-backend/src/web/integrations.go:118.2,119.16 2 0
git.xenonstack.com/util/continuous-security-backend/src/web/integrations.go:124.2,126.18 3 0
git.xenonstack.com/util/continuous-security-backend/src/web/integrations.go:88.16,93.3 3 0
git.xenonstack.com/util/continuous-security-backend/src/web/integrations.go:99.16,103.3 3 0
git.xenonstack.com/util/continuous-security-backend/src/web/integrations.go:106.25,108.17 2 0
git.xenonstack.com/util/continuous-security-backend/src/web/integrations.go:113.3,115.19 3 0
git.xenonstack.com/util/continuous-security-backend/src/web/integrations.go:108.17,112.4 3 0
git.xenonstack.com/util/continuous-security-backend/src/web/integrations.go:119.16,123.3 3 0
git.xenonstack.com/util/continuous-security-backend/src/web/integrations.go:131.69,151.65 15 0
git.xenonstack.com/util/continuous-security-backend/src/web/integrations.go:156.2,157.34 2 0
git.xenonstack.com/util/continuous-security-backend/src/web/integrations.go:178.2,178.33 1 0
git.xenonstack.com/util/continuous-security-backend/src/web/integrations.go:196.2,196.36 1 0
git.xenonstack.com/util/continuous-security-backend/src/web/integrations.go:215.2,215.36 1 0
git.xenonstack.com/util/continuous-security-backend/src/web/integrations.go:235.2,244.36 9 0
git.xenonstack.com/util/continuous-security-backend/src/web/integrations.go:247.2,247.36 1 0
git.xenonstack.com/util/continuous-security-backend/src/web/integrations.go:250.2,250.32 1 0
git.xenonstack.com/util/continuous-security-backend/src/web/integrations.go:253.2,253.30 1 0
git.xenonstack.com/util/continuous-security-backend/src/web/integrations.go:258.2,258.118 1 0
git.xenonstack.com/util/continuous-security-backend/src/web/integrations.go:291.2,291.46 1 0
git.xenonstack.com/util/continuous-security-backend/src/web/integrations.go:151.65,153.3 1 0
git.xenonstack.com/util/continuous-security-backend/src/web/integrations.go:157.34,160.59 2 0
git.xenonstack.com/util/continuous-security-backend/src/web/integrations.go:165.3,165.61 1 0
git.xenonstack.com/util/continuous-security-backend/src/web/integrations.go:170.3,170.58 1 0
git.xenonstack.com/util/continuous-security-backend/src/web/integrations.go:160.59,163.12 3 0
git.xenonstack.com/util/continuous-security-backend/src/web/integrations.go:165.61,168.12 3 0
git.xenonstack.com/util/continuous-security-backend/src/web/integrations.go:170.58,173.12 3 0
git.xenonstack.com/util/continuous-security-backend/src/web/integrations.go:178.33,180.58 2 0
git.xenonstack.com/util/continuous-security-backend/src/web/integrations.go:185.3,185.60 1 0
git.xenonstack.com/util/continuous-security-backend/src/web/integrations.go:190.3,190.57 1 0
git.xenonstack.com/util/continuous-security-backend/src/web/integrations.go:180.58,183.12 3 0
git.xenonstack.com/util/continuous-security-backend/src/web/integrations.go:185.60,188.12 3 0
git.xenonstack.com/util/continuous-security-backend/src/web/integrations.go:190.57,193.12 3 0
git.xenonstack.com/util/continuous-security-backend/src/web/integrations.go:196.36,199.61 2 0
git.xenonstack.com/util/continuous-security-backend/src/web/integrations.go:204.3,204.63 1 0
git.xenonstack.com/util/continuous-security-backend/src/web/integrations.go:209.3,209.60 1 0
git.xenonstack.com/util/continuous-security-backend/src/web/integrations.go:199.61,202.12 3 0
git.xenonstack.com/util/continuous-security-backend/src/web/integrations.go:204.63,207.12 3 0
git.xenonstack.com/util/continuous-security-backend/src/web/integrations.go:209.60,212.12 3 0
git.xenonstack.com/util/continuous-security-backend/src/web/integrations.go:215.36,218.61 2 0
git.xenonstack.com/util/continuous-security-backend/src/web/integrations.go:223.3,223.63 1 0
git.xenonstack.com/util/continuous-security-backend/src/web/integrations.go:228.3,228.60 1 0
git.xenonstack.com/util/continuous-security-backend/src/web/integrations.go:218.61,221.12 3 0
git.xenonstack.com/util/continuous-security-backend/src/web/integrations.go:223.63,226.12 3 0
git.xenonstack.com/util/continuous-security-backend/src/web/integrations.go:228.60,231.12 3 0
git.xenonstack.com/util/continuous-security-backend/src/web/integrations.go:244.36,246.3 1 0
git.xenonstack.com/util/continuous-security-backend/src/web/integrations.go:247.36,249.3 1 0
git.xenonstack.com/util/continuous-security-backend/src/web/integrations.go:250.32,252.3 1 0
git.xenonstack.com/util/continuous-security-backend/src/web/integrations.go:253.30,255.3 1 0
git.xenonstack.com/util/continuous-security-backend/src/web/integrations.go:258.118,290.3 30 0
git.xenonstack.com/util/continuous-security-backend/src/web/integrations.go:304.65,319.26 11 0
git.xenonstack.com/util/continuous-security-backend/src/web/integrations.go:323.2,324.39 2 0
git.xenonstack.com/util/continuous-security-backend/src/web/integrations.go:366.2,366.13 1 0
git.xenonstack.com/util/continuous-security-backend/src/web/integrations.go:398.2,398.46 1 0
git.xenonstack.com/util/continuous-security-backend/src/web/integrations.go:319.26,321.3 1 0
git.xenonstack.com/util/continuous-security-backend/src/web/integrations.go:324.39,328.17 3 0
git.xenonstack.com/util/continuous-security-backend/src/web/integrations.go:332.3,337.17 4 0
git.xenonstack.com/util/continuous-security-backend/src/web/integrations.go:342.3,342.55 1 0
git.xenonstack.com/util/continuous-security-backend/src/web/integrations.go:355.3,359.28 2 0
git.xenonstack.com/util/continuous-security-backend/src/web/integrations.go:328.17,330.12 2 0
git.xenonstack.com/util/continuous-security-backend/src/web/integrations.go:337.17,339.12 2 0
git.xenonstack.com/util/continuous-security-backend/src/web/integrations.go:342.55,343.59 1 0
git.xenonstack.com/util/continuous-security-backend/src/web/integrations.go:343.59,345.5 1 0
git.xenonstack.com/util/continuous-security-backend/src/web/integrations.go:345.10,345.62 1 0
git.xenonstack.com/util/continuous-security-backend/src/web/integrations.go:345.62,347.5 1 0
git.xenonstack.com/util/continuous-security-backend/src/web/integrations.go:347.10,347.64 1 0
git.xenonstack.com/util/continuous-security-backend/src/web/integrations.go:347.64,349.5 1 0
git.xenonstack.com/util/continuous-security-backend/src/web/integrations.go:349.10,349.61 1 0
git.xenonstack.com/util/continuous-security-backend/src/web/integrations.go:349.61,351.5 1 0
git.xenonstack.com/util/continuous-security-backend/src/web/integrations.go:351.10,353.5 1 0
git.xenonstack.com/util/continuous-security-backend/src/web/integrations.go:359.28,361.4 1 0
git.xenonstack.com/util/continuous-security-backend/src/web/integrations.go:361.9,363.4 1 0
git.xenonstack.com/util/continuous-security-backend/src/web/integrations.go:366.13,396.3 29 0
git.xenonstack.com/util/continuous-security-backend/src/web/notification.go:14.35,17.42 2 0
git.xenonstack.com/util/continuous-security-backend/src/web/notification.go:26.2,32.4 3 0
git.xenonstack.com/util/continuous-security-backend/src/web/notification.go:17.42,24.3 3 0
git.xenonstack.com/util/continuous-security-backend/src/web/notification.go:35.33,51.2 4 0
git.xenonstack.com/util/continuous-security-backend/src/web/notification.go:53.36,68.42 5 0
git.xenonstack.com/util/continuous-security-backend/src/web/notification.go:68.42,71.3 1 0
git.xenonstack.com/util/continuous-security-backend/src/web/projects.go:12.50,18.2 5 1
